d:\quake2\quake-2\debug\ref_gl.bsc
d:\quake2\quake-2\ref_gl\debug\vc120.pdb
d:\quake2\quake-2\ref_gl\debug\vc120.idb
d:\quake2\quake-2\ref_gl\debug\gl_warp.sbr
d:\quake2\quake-2\ref_gl\debug\gl_rsurf.sbr
d:\quake2\quake-2\ref_gl\debug\gl_rmisc.sbr
d:\quake2\quake-2\ref_gl\debug\gl_rmain.sbr
d:\quake2\quake-2\ref_gl\debug\gl_model.sbr
d:\quake2\quake-2\ref_gl\debug\gl_mesh.sbr
d:\quake2\quake-2\ref_gl\debug\gl_light.sbr
d:\quake2\quake-2\ref_gl\debug\gl_image.sbr
d:\quake2\quake-2\ref_gl\debug\gl_draw.sbr
d:\quake2\quake-2\ref_gl\debug\q_shwin.sbr
d:\quake2\quake-2\ref_gl\debug\qgl_win.sbr
d:\quake2\quake-2\ref_gl\debug\glw_imp.sbr
d:\quake2\quake-2\ref_gl\debug\q_shared.sbr
d:\quake2\quake-2\ref_gl\debug\q_shared.obj
d:\quake2\quake-2\ref_gl\debug\glw_imp.obj
d:\quake2\quake-2\ref_gl\debug\qgl_win.obj
d:\quake2\quake-2\ref_gl\debug\q_shwin.obj
d:\quake2\quake-2\ref_gl\debug\gl_draw.obj
d:\quake2\quake-2\ref_gl\debug\gl_image.obj
d:\quake2\quake-2\ref_gl\debug\gl_light.obj
d:\quake2\quake-2\ref_gl\debug\gl_mesh.obj
d:\quake2\quake-2\ref_gl\debug\gl_model.obj
d:\quake2\quake-2\ref_gl\debug\gl_rmain.obj
d:\quake2\quake-2\ref_gl\debug\gl_rmisc.obj
d:\quake2\quake-2\ref_gl\debug\gl_rsurf.obj
d:\quake2\quake-2\ref_gl\debug\gl_warp.obj
d:\quake2\quake-2\debug\ref_gl.dll
d:\quake2\quake-2\debug\ref_gl.pdb
d:\quake2\quake-2\debug\ref_gl.lib
d:\quake2\quake-2\debug\ref_gl.exp
d:\quake2\quake-2\ref_gl\.\..\debug\ref_gl.dll
d:\quake2\quake-2\ref_gl\debug\ref_gl.tlog\bscmake.command.1.tlog
d:\quake2\quake-2\ref_gl\debug\ref_gl.tlog\bscmake.read.1.tlog
d:\quake2\quake-2\ref_gl\debug\ref_gl.tlog\bscmake.write.1.tlog
d:\quake2\quake-2\ref_gl\debug\ref_gl.tlog\cl.command.1.tlog
d:\quake2\quake-2\ref_gl\debug\ref_gl.tlog\cl.read.1.tlog
d:\quake2\quake-2\ref_gl\debug\ref_gl.tlog\cl.write.1.tlog
d:\quake2\quake-2\ref_gl\debug\ref_gl.tlog\link.command.1.tlog
d:\quake2\quake-2\ref_gl\debug\ref_gl.tlog\link.read.1.tlog
d:\quake2\quake-2\ref_gl\debug\ref_gl.tlog\link.write.1.tlog
d:\quake2\quake-2\ref_gl\debug\ref_gl.tlog\ref_gl.write.1u.tlog
