d:\quake2\quake-2\ctf\debug\ctf.bsc
d:\quake2\quake-2\ctf\debug\vc120.pdb
d:\quake2\quake-2\ctf\debug\vc120.idb
d:\quake2\quake-2\ctf\debug\q_shared.sbr
d:\quake2\quake-2\ctf\debug\p_weapon.sbr
d:\quake2\quake-2\ctf\debug\p_view.sbr
d:\quake2\quake-2\ctf\debug\p_trail.sbr
d:\quake2\quake-2\ctf\debug\p_menu.sbr
d:\quake2\quake-2\ctf\debug\p_hud.sbr
d:\quake2\quake-2\ctf\debug\p_client.sbr
d:\quake2\quake-2\ctf\debug\m_move.sbr
d:\quake2\quake-2\ctf\debug\g_weapon.sbr
d:\quake2\quake-2\ctf\debug\g_utils.sbr
d:\quake2\quake-2\ctf\debug\g_trigger.sbr
d:\quake2\quake-2\ctf\debug\g_target.sbr
d:\quake2\quake-2\ctf\debug\g_svcmds.sbr
d:\quake2\quake-2\ctf\debug\g_spawn.sbr
d:\quake2\quake-2\ctf\debug\g_save.sbr
d:\quake2\quake-2\ctf\debug\g_phys.sbr
d:\quake2\quake-2\ctf\debug\g_monster.sbr
d:\quake2\quake-2\ctf\debug\g_misc.sbr
d:\quake2\quake-2\ctf\debug\g_main.sbr
d:\quake2\quake-2\ctf\debug\g_items.sbr
d:\quake2\quake-2\ctf\debug\g_items.obj
d:\quake2\quake-2\ctf\debug\g_main.obj
d:\quake2\quake-2\ctf\debug\g_misc.obj
d:\quake2\quake-2\ctf\debug\g_monster.obj
d:\quake2\quake-2\ctf\debug\g_phys.obj
d:\quake2\quake-2\ctf\debug\g_save.obj
d:\quake2\quake-2\ctf\debug\g_spawn.obj
d:\quake2\quake-2\ctf\debug\g_svcmds.obj
d:\quake2\quake-2\ctf\debug\g_target.obj
d:\quake2\quake-2\ctf\debug\g_trigger.obj
d:\quake2\quake-2\ctf\debug\g_utils.obj
d:\quake2\quake-2\ctf\debug\g_weapon.obj
d:\quake2\quake-2\ctf\debug\m_move.obj
d:\quake2\quake-2\ctf\debug\p_client.obj
d:\quake2\quake-2\ctf\debug\p_hud.obj
d:\quake2\quake-2\ctf\debug\p_menu.obj
d:\quake2\quake-2\ctf\debug\p_trail.obj
d:\quake2\quake-2\ctf\debug\p_view.obj
d:\quake2\quake-2\ctf\debug\p_weapon.obj
d:\quake2\quake-2\ctf\debug\q_shared.obj
d:\quake2\quake-2\ctf\debug\g_func.sbr
d:\quake2\quake-2\ctf\debug\g_ctf.sbr
d:\quake2\quake-2\ctf\debug\g_combat.sbr
d:\quake2\quake-2\ctf\debug\g_cmds.sbr
d:\quake2\quake-2\ctf\debug\g_chase.sbr
d:\quake2\quake-2\ctf\debug\g_ai.sbr
d:\quake2\quake-2\ctf\debug\g_ai.obj
d:\quake2\quake-2\ctf\debug\g_chase.obj
d:\quake2\quake-2\ctf\debug\g_cmds.obj
d:\quake2\quake-2\ctf\debug\g_combat.obj
d:\quake2\quake-2\ctf\debug\g_ctf.obj
d:\quake2\quake-2\ctf\debug\g_func.obj
d:\quake2\quake-2\ctf\debug\gamex86.lib
d:\quake2\quake-2\ctf\debug\gamex86.exp
d:\quake2\quake-2\ctf\debug\gamex86.dll
d:\quake2\quake-2\ctf\debug\ctf.pdb
d:\quake2\quake-2\ctf\debug\ctf.tlog\bscmake.command.1.tlog
d:\quake2\quake-2\ctf\debug\ctf.tlog\bscmake.read.1.tlog
d:\quake2\quake-2\ctf\debug\ctf.tlog\bscmake.write.1.tlog
d:\quake2\quake-2\ctf\debug\ctf.tlog\cl.command.1.tlog
d:\quake2\quake-2\ctf\debug\ctf.tlog\cl.read.1.tlog
d:\quake2\quake-2\ctf\debug\ctf.tlog\cl.write.1.tlog
d:\quake2\quake-2\ctf\debug\ctf.tlog\ctf.write.1u.tlog
d:\quake2\quake-2\ctf\debug\ctf.tlog\link.command.1.tlog
d:\quake2\quake-2\ctf\debug\ctf.tlog\link.read.1.tlog
d:\quake2\quake-2\ctf\debug\ctf.tlog\link.write.1.tlog
