d:\quake2\quake-2\debug\game.bsc
d:\quake2\quake-2\game\debug\vc120.pdb
d:\quake2\quake-2\game\debug\vc120.idb
d:\quake2\quake-2\game\debug\q_shared.sbr
d:\quake2\quake-2\game\debug\p_weapon.sbr
d:\quake2\quake-2\game\debug\p_view.sbr
d:\quake2\quake-2\game\debug\p_trail.sbr
d:\quake2\quake-2\game\debug\p_hud.sbr
d:\quake2\quake-2\game\debug\p_client.sbr
d:\quake2\quake-2\game\debug\m_tank.sbr
d:\quake2\quake-2\game\debug\m_supertank.sbr
d:\quake2\quake-2\game\debug\m_soldier.sbr
d:\quake2\quake-2\game\debug\m_parasite.sbr
d:\quake2\quake-2\game\debug\m_mutant.sbr
d:\quake2\quake-2\game\debug\m_move.sbr
d:\quake2\quake-2\game\debug\m_medic.sbr
d:\quake2\quake-2\game\debug\m_insane.sbr
d:\quake2\quake-2\game\debug\m_infantry.sbr
d:\quake2\quake-2\game\debug\m_hover.sbr
d:\quake2\quake-2\game\debug\m_gunner.sbr
d:\quake2\quake-2\game\debug\m_gladiator.sbr
d:\quake2\quake-2\game\debug\m_flyer.sbr
d:\quake2\quake-2\game\debug\m_float.sbr
d:\quake2\quake-2\game\debug\m_float.obj
d:\quake2\quake-2\game\debug\m_flyer.obj
d:\quake2\quake-2\game\debug\m_gladiator.obj
d:\quake2\quake-2\game\debug\m_gunner.obj
d:\quake2\quake-2\game\debug\m_hover.obj
d:\quake2\quake-2\game\debug\m_infantry.obj
d:\quake2\quake-2\game\debug\m_insane.obj
d:\quake2\quake-2\game\debug\m_medic.obj
d:\quake2\quake-2\game\debug\m_move.obj
d:\quake2\quake-2\game\debug\m_mutant.obj
d:\quake2\quake-2\game\debug\m_parasite.obj
d:\quake2\quake-2\game\debug\m_soldier.obj
d:\quake2\quake-2\game\debug\m_supertank.obj
d:\quake2\quake-2\game\debug\m_tank.obj
d:\quake2\quake-2\game\debug\p_client.obj
d:\quake2\quake-2\game\debug\p_hud.obj
d:\quake2\quake-2\game\debug\p_trail.obj
d:\quake2\quake-2\game\debug\p_view.obj
d:\quake2\quake-2\game\debug\p_weapon.obj
d:\quake2\quake-2\game\debug\q_shared.obj
d:\quake2\quake-2\game\debug\m_flipper.sbr
d:\quake2\quake-2\game\debug\m_flash.sbr
d:\quake2\quake-2\game\debug\m_chick.sbr
d:\quake2\quake-2\game\debug\m_brain.sbr
d:\quake2\quake-2\game\debug\m_boss32.sbr
d:\quake2\quake-2\game\debug\m_boss31.sbr
d:\quake2\quake-2\game\debug\m_boss3.sbr
d:\quake2\quake-2\game\debug\m_boss2.sbr
d:\quake2\quake-2\game\debug\m_berserk.sbr
d:\quake2\quake-2\game\debug\m_actor.sbr
d:\quake2\quake-2\game\debug\g_weapon.sbr
d:\quake2\quake-2\game\debug\g_utils.sbr
d:\quake2\quake-2\game\debug\g_turret.sbr
d:\quake2\quake-2\game\debug\g_trigger.sbr
d:\quake2\quake-2\game\debug\g_target.sbr
d:\quake2\quake-2\game\debug\g_svcmds.sbr
d:\quake2\quake-2\game\debug\g_spawn.sbr
d:\quake2\quake-2\game\debug\g_save.sbr
d:\quake2\quake-2\game\debug\g_phys.sbr
d:\quake2\quake-2\game\debug\g_monster.sbr
d:\quake2\quake-2\game\debug\g_monster.obj
d:\quake2\quake-2\game\debug\g_phys.obj
d:\quake2\quake-2\game\debug\g_save.obj
d:\quake2\quake-2\game\debug\g_spawn.obj
d:\quake2\quake-2\game\debug\g_svcmds.obj
d:\quake2\quake-2\game\debug\g_target.obj
d:\quake2\quake-2\game\debug\g_trigger.obj
d:\quake2\quake-2\game\debug\g_turret.obj
d:\quake2\quake-2\game\debug\g_utils.obj
d:\quake2\quake-2\game\debug\g_weapon.obj
d:\quake2\quake-2\game\debug\m_actor.obj
d:\quake2\quake-2\game\debug\m_berserk.obj
d:\quake2\quake-2\game\debug\m_boss2.obj
d:\quake2\quake-2\game\debug\m_boss3.obj
d:\quake2\quake-2\game\debug\m_boss31.obj
d:\quake2\quake-2\game\debug\m_boss32.obj
d:\quake2\quake-2\game\debug\m_brain.obj
d:\quake2\quake-2\game\debug\m_chick.obj
d:\quake2\quake-2\game\debug\m_flash.obj
d:\quake2\quake-2\game\debug\m_flipper.obj
d:\quake2\quake-2\game\debug\g_misc.sbr
d:\quake2\quake-2\game\debug\g_main.sbr
d:\quake2\quake-2\game\debug\g_items.sbr
d:\quake2\quake-2\game\debug\g_func.sbr
d:\quake2\quake-2\game\debug\g_combat.sbr
d:\quake2\quake-2\game\debug\g_cmds.sbr
d:\quake2\quake-2\game\debug\g_chase.sbr
d:\quake2\quake-2\game\debug\g_ai.sbr
d:\quake2\quake-2\game\debug\g_ai.obj
d:\quake2\quake-2\game\debug\g_chase.obj
d:\quake2\quake-2\game\debug\g_cmds.obj
d:\quake2\quake-2\game\debug\g_combat.obj
d:\quake2\quake-2\game\debug\g_func.obj
d:\quake2\quake-2\game\debug\g_items.obj
d:\quake2\quake-2\game\debug\g_main.obj
d:\quake2\quake-2\game\debug\g_misc.obj
d:\quake2\quake-2\debug\gamex86.lib
d:\quake2\quake-2\debug\gamex86.exp
d:\quake2\quake-2\debug\gamex86.dll
d:\quake2\quake-2\debug\game.pdb
d:\quake2\quake-2\game\debug\game.tlog\bscmake.command.1.tlog
d:\quake2\quake-2\game\debug\game.tlog\bscmake.read.1.tlog
d:\quake2\quake-2\game\debug\game.tlog\bscmake.write.1.tlog
d:\quake2\quake-2\game\debug\game.tlog\cl.command.1.tlog
d:\quake2\quake-2\game\debug\game.tlog\cl.read.1.tlog
d:\quake2\quake-2\game\debug\game.tlog\cl.write.1.tlog
d:\quake2\quake-2\game\debug\game.tlog\game.write.1u.tlog
d:\quake2\quake-2\game\debug\game.tlog\link.command.1.tlog
d:\quake2\quake-2\game\debug\game.tlog\link.read.1.tlog
d:\quake2\quake-2\game\debug\game.tlog\link.write.1.tlog
