d:\quake2\quake-2\debug\ref_soft.bsc
d:\quake2\quake-2\ref_soft\debug\vc120.pdb
d:\quake2\quake-2\ref_soft\debug\vc120.idb
d:\quake2\quake-2\ref_soft\debug\r_surf.sbr
d:\quake2\quake-2\ref_soft\debug\r_sprite.sbr
d:\quake2\quake-2\ref_soft\debug\r_scan.sbr
d:\quake2\quake-2\ref_soft\debug\r_rast.sbr
d:\quake2\quake-2\ref_soft\debug\r_polyse.sbr
d:\quake2\quake-2\ref_soft\debug\r_poly.sbr
d:\quake2\quake-2\ref_soft\debug\r_part.sbr
d:\quake2\quake-2\ref_soft\debug\r_model.sbr
d:\quake2\quake-2\ref_soft\debug\r_misc.sbr
d:\quake2\quake-2\ref_soft\debug\r_main.sbr
d:\quake2\quake-2\ref_soft\debug\r_light.sbr
d:\quake2\quake-2\ref_soft\debug\r_image.sbr
d:\quake2\quake-2\ref_soft\debug\r_edge.sbr
d:\quake2\quake-2\ref_soft\debug\r_draw.sbr
d:\quake2\quake-2\ref_soft\debug\r_bsp.sbr
d:\quake2\quake-2\ref_soft\debug\r_alias.sbr
d:\quake2\quake-2\ref_soft\debug\r_aclip.sbr
d:\quake2\quake-2\ref_soft\debug\rw_imp.sbr
d:\quake2\quake-2\ref_soft\debug\rw_dib.sbr
d:\quake2\quake-2\ref_soft\debug\rw_ddraw.sbr
d:\quake2\quake-2\ref_soft\debug\rw_ddraw.obj
d:\quake2\quake-2\ref_soft\debug\rw_dib.obj
d:\quake2\quake-2\ref_soft\debug\rw_imp.obj
d:\quake2\quake-2\ref_soft\debug\r_aclip.obj
d:\quake2\quake-2\ref_soft\debug\r_alias.obj
d:\quake2\quake-2\ref_soft\debug\r_bsp.obj
d:\quake2\quake-2\ref_soft\debug\r_draw.obj
d:\quake2\quake-2\ref_soft\debug\r_edge.obj
d:\quake2\quake-2\ref_soft\debug\r_image.obj
d:\quake2\quake-2\ref_soft\debug\r_light.obj
d:\quake2\quake-2\ref_soft\debug\r_main.obj
d:\quake2\quake-2\ref_soft\debug\r_misc.obj
d:\quake2\quake-2\ref_soft\debug\r_model.obj
d:\quake2\quake-2\ref_soft\debug\r_part.obj
d:\quake2\quake-2\ref_soft\debug\r_poly.obj
d:\quake2\quake-2\ref_soft\debug\r_polyse.obj
d:\quake2\quake-2\ref_soft\debug\r_rast.obj
d:\quake2\quake-2\ref_soft\debug\r_scan.obj
d:\quake2\quake-2\ref_soft\debug\r_sprite.obj
d:\quake2\quake-2\ref_soft\debug\r_surf.obj
d:\quake2\quake-2\ref_soft\debug\q_shwin.sbr
d:\quake2\quake-2\ref_soft\debug\q_shared.sbr
d:\quake2\quake-2\ref_soft\debug\q_shared.obj
d:\quake2\quake-2\ref_soft\debug\q_shwin.obj
d:\quake2\quake-2\debug\ref_soft.dll
d:\quake2\quake-2\debug\ref_soft.pdb
d:\quake2\quake-2\debug\ref_soft.lib
d:\quake2\quake-2\debug\ref_soft.exp
d:\quake2\quake-2\ref_soft\.\..\debug\ref_soft.dll
d:\quake2\quake-2\ref_soft\debug\ref_soft.tlog\bscmake.command.1.tlog
d:\quake2\quake-2\ref_soft\debug\ref_soft.tlog\bscmake.read.1.tlog
d:\quake2\quake-2\ref_soft\debug\ref_soft.tlog\bscmake.write.1.tlog
d:\quake2\quake-2\ref_soft\debug\ref_soft.tlog\cl.command.1.tlog
d:\quake2\quake-2\ref_soft\debug\ref_soft.tlog\cl.read.1.tlog
d:\quake2\quake-2\ref_soft\debug\ref_soft.tlog\cl.write.1.tlog
d:\quake2\quake-2\ref_soft\debug\ref_soft.tlog\link.command.1.tlog
d:\quake2\quake-2\ref_soft\debug\ref_soft.tlog\link.read.1.tlog
d:\quake2\quake-2\ref_soft\debug\ref_soft.tlog\link.write.1.tlog
d:\quake2\quake-2\ref_soft\debug\ref_soft.tlog\ref_soft.write.1u.tlog
